Backup Log File Open Time:2014.3.15 20:16:17
RunTable cursor Opened. Backup begin.
DB Dump Finished.
RunTable cursor closed.
DB Statistic Log:
--------------Level--------------
Ngamihehe	120	1
Taonemay	120	255
voooooo	120	0
KenNguyen	120	0
ThienNhan	120	0
ddddddaaaa	1	1
taonecha	1	1
conkhimoc	1	1
	0	1
	0	1
--------------Money--------------
Ngamihehe	29993500	0
KenNguyen	16024866	1
Taonemay	12931833	255
voooooo	5660538	0
ThienNhan	1037861	0
	0	1
	0	1
	0	1
	0	1
	0	1
--------------Killer--------------
	0	1
	0	1
	0	1
	0	1
	0	1
	0	1
	0	1
	0	1
	0	1
	0	1
--------------Sect 0 Level--------------
Ngamihehe	120	0
KenNguyen	120	0
conkhimoc	1	1
ddddddaaaa	1	1
taonecha	1	1
	0	1
	0	1
	0	1
	0	1
	0	1
-------------Sect 0 Money---------------
Ngamihehe	29993500	0
KenNguyen	16024866	0
	0	1
	0	1
	0	1
	0	1
	0	1
	0	1
	0	1
	0	1
--------------Sect 1 Level--------------
	0	1
	0	1
	0	1
	0	1
	0	1
	0	1
	0	1
	0	1
	0	1
	0	1
-------------Sect 1 Money---------------
	0	1
	0	1
	0	1
	0	1
	0	1
	0	1
	0	1
	0	1
	0	1
	0	1
--------------Sect 2 Level--------------
	0	1
	0	1
	0	1
	0	1
	0	1
	0	1
	0	1
	0	1
	0	1
	0	1
-------------Sect 2 Money---------------
	0	1
	0	1
	0	1
	0	1
	0	1
	0	1
	0	1
	0	1
	0	1
	0	1
--------------Sect 3 Level--------------
Taonemay	120	0
	0	1
	0	1
	0	1
	0	1
	0	1
	0	1
	0	1
	0	1
	0	1
-------------Sect 3 Money---------------
Taonemay	12931833	0
	0	1
	0	1
	0	1
	0	1
	0	1
	0	1
	0	1
	0	1
	0	1
--------------Sect 4 Level--------------
	0	1
	0	1
	0	1
	0	1
	0	1
	0	1
	0	1
	0	1
	0	1
	0	1
-------------Sect 4 Money---------------
	0	1
	0	1
	0	1
	0	1
	0	1
	0	1
	0	1
	0	1
	0	1
	0	1
--------------Sect 5 Level--------------
	0	1
	0	1
	0	1
	0	1
	0	1
	0	1
	0	1
	0	1
	0	1
	0	1
-------------Sect 5 Money---------------
	0	1
	0	1
	0	1
	0	1
	0	1
	0	1
	0	1
	0	1
	0	1
	0	1
--------------Sect 6 Level--------------
	0	1
	0	1
	0	1
	0	1
	0	1
	0	1
	0	1
	0	1
	0	1
	0	1
-------------Sect 6 Money---------------
	0	1
	0	1
	0	1
	0	1
	0	1
	0	1
	0	1
	0	1
	0	1
	0	1
--------------Sect 7 Level--------------
	0	1
	0	1
	0	1
	0	1
	0	1
	0	1
	0	1
	0	1
	0	1
	0	1
-------------Sect 7 Money---------------
	0	1
	0	1
	0	1
	0	1
	0	1
	0	1
	0	1
	0	1
	0	1
	0	1
--------------Sect 8 Level--------------
ThienNhan	120	0
	0	1
	0	1
	0	1
	0	1
	0	1
	0	1
	0	1
	0	1
	0	1
-------------Sect 8 Money---------------
ThienNhan	1037861	0
	0	1
	0	1
	0	1
	0	1
	0	1
	0	1
	0	1
	0	1
	0	1
--------------Sect 9 Level--------------
voooooo	120	0
	0	1
	0	1
	0	1
	0	1
	0	1
	0	1
	0	1
	0	1
	0	1
-------------Sect 9 Money---------------
voooooo	5660538	0
	0	1
	0	1
	0	1
	0	1
	0	1
	0	1
	0	1
	0	1
	0	1
--------------Sect 10 Level--------------
	0	1
	0	1
	0	1
	0	1
	0	1
	0	1
	0	1
	0	1
	0	1
	0	1
-------------Sect 10 Money---------------
	0	1
	0	1
	0	1
	0	1
	0	1
	0	1
	0	1
	0	1
	0	1
	0	1
各个门派的玩家数
Sect 0 ：5
Sect 1 ：0
Sect 2 ：0
Sect 3 ：1
Sect 4 ：0
Sect 5 ：0
Sect 6 ：0
Sect 7 ：0
Sect 8 ：1
Sect 9 ：1
Sect 10 ：0
财富排名前 1000 玩家中各门派所占比例数
Sect 0 ：997
Sect 1 ：0
Sect 2 ：0
Sect 3 ：1
Sect 4 ：0
Sect 5 ：0
Sect 6 ：0
Sect 7 ：0
Sect 8 ：1
Sect 9 ：1
Sect 10 ：0
级别排名前 1000 玩家中各门派所占比例数
Sect 0 ：997
Sect 1 ：0
Sect 2 ：0
Sect 3 ：1
Sect 4 ：0
Sect 5 ：0
Sect 6 ：0
Sect 7 ：0
Sect 8 ：1
Sect 9 ：1
Sect 10 ：0
